2026-03-01 11:58:27.435 | DEBUG    | __main__:run:169 - Episodio 100: max_change=0.228768, estable=0/5
2026-03-01 11:58:28.132 | DEBUG    | __main__:run:169 - Episodio 200: max_change=0.000001, estable=1/5
2026-03-01 11:58:28.845 | DEBUG    | __main__:run:169 - Episodio 300: max_change=0.000000, estable=2/5
2026-03-01 11:58:29.725 | DEBUG    | __main__:run:169 - Episodio 400: max_change=0.000000, estable=3/5
2026-03-01 11:58:30.526 | DEBUG    | __main__:run:169 - Episodio 500: max_change=0.000001, estable=4/5
2026-03-01 11:58:31.385 | DEBUG    | __main__:run:169 - Episodio 600: max_change=0.000000, estable=5/5
2026-03-01 11:58:31.385 | INFO     | __main__:run:175 - Convergencia alcanzada despues de 600 episodios
2026-03-01 11:58:31.386 | SUCCESS  | __main__:<module>:233 - MCM finalizado en 600 episodios
2026-03-01 11:58:31.386 | INFO     | __main__:print_values:196 - Valores:
2026-03-01 11:58:31.386 | INFO     | __main__:print_values:204 -  -0.000  -0.000  -0.000  -0.000  -0.000  -0.000  -0.000  -0.000  -0.000  +0.000 
2026-03-01 11:58:31.386 | INFO     | __main__:print_values:204 -  +0.000  +0.000  -0.000  -0.000  -0.000  +0.000  +0.000  +0.000  +0.000  +0.000 
2026-03-01 11:58:31.386 | INFO     | __main__:print_values:204 -  +0.000   ####    ####    ####    ####    ####    ####    ####   +0.000  +0.000 
2026-03-01 11:58:31.387 | INFO     | __main__:print_values:204 -  +0.000  +0.000  +0.000  +0.000   ####   -0.229  +0.000  +0.000  +0.000  +0.000 
2026-03-01 11:58:31.387 | INFO     | __main__:print_values:204 -  +0.000  +0.000  +0.000  +0.000   ####   +0.000  +0.000  +0.000  +0.000  +0.000 
2026-03-01 11:58:31.387 | INFO     | __main__:print_values:204 -  +0.000  +0.000  +0.000  +0.000   ####   +0.000  +0.000  +0.000  +0.000  +0.000 
2026-03-01 11:58:31.387 | INFO     | __main__:print_values:204 -  +0.000  +0.000  +0.000  +0.000   ####   +0.000  +0.000  +0.000  +0.000  +0.000 
2026-03-01 11:58:31.387 | INFO     | __main__:print_values:204 -  +0.000  +0.000  +0.000  +0.000  +0.000  +0.000  +0.000  +0.000  +0.000  +0.000 
2026-03-01 11:58:31.387 | INFO     | __main__:print_values:204 -  +0.000  +0.000  +0.000  +0.000   ####   +0.000  +0.000  +0.000  +0.000  +0.000 
2026-03-01 11:58:31.387 | INFO     | __main__:print_values:204 -  +0.000  +0.000  +0.000  +0.000  +0.000  +0.000  +0.000  +0.000  +0.000  +0.000 
2026-03-01 11:58:31.387 | INFO     | __main__:print_policy:212 - Politica:
2026-03-01 11:58:31.387 | INFO     | __main__:print_policy:221 -   UP   DOWN  LEFT  LEFT  LEFT  LEFT  DOWN  DOWN  LEFT RIGHT 
2026-03-01 11:58:31.387 | INFO     | __main__:print_policy:221 -  DOWN  LEFT RIGHT   UP   LEFT  LEFT RIGHT  LEFT  LEFT  DOWN 
2026-03-01 11:58:31.387 | INFO     | __main__:print_policy:221 -   UP   ####  ####  ####  ####  ####  ####  ####  LEFT   UP  
2026-03-01 11:58:31.387 | INFO     | __main__:print_policy:221 -   UP    UP    UP    UP   #### RIGHT RIGHT RIGHT  LEFT   UP  
2026-03-01 11:58:31.387 | INFO     | __main__:print_policy:221 -   UP    UP    UP    UP   ####  EXIT  DOWN  DOWN  DOWN  EXIT 
2026-03-01 11:58:31.387 | INFO     | __main__:print_policy:221 -   UP    UP    UP    UP   ####  EXIT  EXIT  EXIT  EXIT  EXIT 
2026-03-01 11:58:31.387 | INFO     | __main__:print_policy:221 -   UP    UP    UP    UP   ####  EXIT  EXIT  EXIT  EXIT  EXIT 
2026-03-01 11:58:31.387 | INFO     | __main__:print_policy:221 -   UP    UP   EXIT  EXIT  EXIT  EXIT  EXIT  EXIT  EXIT  EXIT 
2026-03-01 11:58:31.387 | INFO     | __main__:print_policy:221 -  EXIT  EXIT  EXIT  EXIT  ####  EXIT  EXIT  EXIT  EXIT  EXIT 
2026-03-01 11:58:31.387 | INFO     | __main__:print_policy:221 -  EXIT  EXIT  EXIT  EXIT  EXIT  EXIT  EXIT  EXIT  EXIT  EXIT 
2026-03-01 12:02:36.257 | DEBUG    | __main__:run:188 - Episodio 100: max_change=0.729000, cobertura=69.0%, estable=0/30
2026-03-01 12:02:36.915 | DEBUG    | __main__:run:188 - Episodio 200: max_change=0.000547, cobertura=69.0%, estable=0/30
2026-03-01 12:02:37.593 | DEBUG    | __main__:run:188 - Episodio 300: max_change=0.400467, cobertura=85.7%, estable=0/30
2026-03-01 12:02:37.767 | DEBUG    | __main__:run:188 - Episodio 400: max_change=1.000000, cobertura=96.4%, estable=0/30
2026-03-01 12:02:37.832 | DEBUG    | __main__:run:188 - Episodio 500: max_change=0.469782, cobertura=100.0%, estable=0/30
2026-03-01 12:02:37.899 | DEBUG    | __main__:run:188 - Episodio 600: max_change=0.089992, cobertura=100.0%, estable=0/30
2026-03-01 12:02:37.946 | DEBUG    | __main__:run:188 - Episodio 700: max_change=0.221745, cobertura=100.0%, estable=0/30
2026-03-01 12:02:37.991 | DEBUG    | __main__:run:188 - Episodio 800: max_change=0.110415, cobertura=100.0%, estable=0/30
2026-03-01 12:02:38.038 | DEBUG    | __main__:run:188 - Episodio 900: max_change=0.244204, cobertura=100.0%, estable=0/30
2026-03-01 12:02:38.087 | DEBUG    | __main__:run:188 - Episodio 1000: max_change=0.051581, cobertura=100.0%, estable=0/30
2026-03-01 12:02:38.133 | DEBUG    | __main__:run:188 - Episodio 1100: max_change=0.201297, cobertura=100.0%, estable=0/30
2026-03-01 12:02:38.178 | DEBUG    | __main__:run:188 - Episodio 1200: max_change=0.138512, cobertura=100.0%, estable=0/30
2026-03-01 12:02:38.223 | DEBUG    | __main__:run:188 - Episodio 1300: max_change=0.051076, cobertura=100.0%, estable=0/30
2026-03-01 12:02:38.267 | DEBUG    | __main__:run:188 - Episodio 1400: max_change=0.261529, cobertura=100.0%, estable=0/30
2026-03-01 12:02:38.309 | DEBUG    | __main__:run:188 - Episodio 1500: max_change=0.055066, cobertura=100.0%, estable=0/30
2026-03-01 12:02:38.347 | DEBUG    | __main__:run:188 - Episodio 1600: max_change=0.068382, cobertura=100.0%, estable=0/30
2026-03-01 12:02:38.387 | DEBUG    | __main__:run:188 - Episodio 1700: max_change=0.090935, cobertura=100.0%, estable=0/30
2026-03-01 12:02:38.429 | DEBUG    | __main__:run:188 - Episodio 1800: max_change=0.032730, cobertura=100.0%, estable=0/30
2026-03-01 12:02:38.470 | DEBUG    | __main__:run:188 - Episodio 1900: max_change=0.014260, cobertura=100.0%, estable=0/30
2026-03-01 12:02:38.507 | DEBUG    | __main__:run:188 - Episodio 2000: max_change=0.013051, cobertura=100.0%, estable=0/30
2026-03-01 12:02:38.546 | DEBUG    | __main__:run:188 - Episodio 2100: max_change=0.018189, cobertura=100.0%, estable=0/30
2026-03-01 12:02:38.584 | DEBUG    | __main__:run:188 - Episodio 2200: max_change=0.083912, cobertura=100.0%, estable=0/30
2026-03-01 12:02:38.626 | DEBUG    | __main__:run:188 - Episodio 2300: max_change=0.051103, cobertura=100.0%, estable=0/30
2026-03-01 12:02:38.664 | DEBUG    | __main__:run:188 - Episodio 2400: max_change=0.039916, cobertura=100.0%, estable=0/30
2026-03-01 12:02:38.707 | DEBUG    | __main__:run:188 - Episodio 2500: max_change=0.039023, cobertura=100.0%, estable=0/30
2026-03-01 12:02:38.748 | DEBUG    | __main__:run:188 - Episodio 2600: max_change=0.146319, cobertura=100.0%, estable=0/30
2026-03-01 12:02:38.785 | DEBUG    | __main__:run:188 - Episodio 2700: max_change=0.006955, cobertura=100.0%, estable=0/30
2026-03-01 12:02:38.822 | DEBUG    | __main__:run:188 - Episodio 2800: max_change=0.011459, cobertura=100.0%, estable=0/30
2026-03-01 12:02:38.862 | DEBUG    | __main__:run:188 - Episodio 2900: max_change=0.014106, cobertura=100.0%, estable=0/30
2026-03-01 12:02:38.902 | DEBUG    | __main__:run:188 - Episodio 3000: max_change=0.028904, cobertura=100.0%, estable=0/30
2026-03-01 12:02:38.938 | DEBUG    | __main__:run:188 - Episodio 3100: max_change=0.069226, cobertura=100.0%, estable=0/30
2026-03-01 12:02:38.974 | DEBUG    | __main__:run:188 - Episodio 3200: max_change=0.025773, cobertura=100.0%, estable=0/30
2026-03-01 12:02:39.011 | DEBUG    | __main__:run:188 - Episodio 3300: max_change=0.010779, cobertura=100.0%, estable=0/30
2026-03-01 12:02:39.046 | DEBUG    | __main__:run:188 - Episodio 3400: max_change=0.023551, cobertura=100.0%, estable=0/30
2026-03-01 12:02:39.082 | DEBUG    | __main__:run:188 - Episodio 3500: max_change=0.040906, cobertura=100.0%, estable=0/30
2026-03-01 12:02:39.120 | DEBUG    | __main__:run:188 - Episodio 3600: max_change=0.024425, cobertura=100.0%, estable=0/30
2026-03-01 12:02:39.158 | DEBUG    | __main__:run:188 - Episodio 3700: max_change=0.010674, cobertura=100.0%, estable=0/30
2026-03-01 12:02:39.198 | DEBUG    | __main__:run:188 - Episodio 3800: max_change=0.019256, cobertura=100.0%, estable=0/30
2026-03-01 12:02:39.232 | DEBUG    | __main__:run:188 - Episodio 3900: max_change=0.018492, cobertura=100.0%, estable=0/30
2026-03-01 12:02:39.266 | DEBUG    | __main__:run:188 - Episodio 4000: max_change=0.049128, cobertura=100.0%, estable=0/30
2026-03-01 12:02:39.301 | DEBUG    | __main__:run:188 - Episodio 4100: max_change=0.050577, cobertura=100.0%, estable=0/30
2026-03-01 12:02:39.332 | DEBUG    | __main__:run:188 - Episodio 4200: max_change=0.054058, cobertura=100.0%, estable=0/30
2026-03-01 12:02:39.364 | DEBUG    | __main__:run:188 - Episodio 4300: max_change=0.027612, cobertura=100.0%, estable=0/30
2026-03-01 12:02:39.396 | DEBUG    | __main__:run:188 - Episodio 4400: max_change=0.012775, cobertura=100.0%, estable=0/30
2026-03-01 12:02:39.427 | DEBUG    | __main__:run:188 - Episodio 4500: max_change=0.011649, cobertura=100.0%, estable=0/30
2026-03-01 12:02:39.462 | DEBUG    | __main__:run:188 - Episodio 4600: max_change=0.004681, cobertura=100.0%, estable=1/30
2026-03-01 12:02:39.494 | DEBUG    | __main__:run:188 - Episodio 4700: max_change=0.006524, cobertura=100.0%, estable=0/30
2026-03-01 12:02:39.524 | DEBUG    | __main__:run:188 - Episodio 4800: max_change=0.041109, cobertura=100.0%, estable=0/30
2026-03-01 12:02:39.558 | DEBUG    | __main__:run:188 - Episodio 4900: max_change=0.010583, cobertura=100.0%, estable=0/30
2026-03-01 12:02:39.591 | DEBUG    | __main__:run:188 - Episodio 5000: max_change=0.038701, cobertura=100.0%, estable=0/30
2026-03-01 12:02:39.622 | DEBUG    | __main__:run:188 - Episodio 5100: max_change=0.042723, cobertura=100.0%, estable=0/30
2026-03-01 12:02:39.653 | DEBUG    | __main__:run:188 - Episodio 5200: max_change=0.004670, cobertura=100.0%, estable=1/30
2026-03-01 12:02:39.686 | DEBUG    | __main__:run:188 - Episodio 5300: max_change=0.010516, cobertura=100.0%, estable=0/30
2026-03-01 12:02:39.718 | DEBUG    | __main__:run:188 - Episodio 5400: max_change=0.004375, cobertura=100.0%, estable=1/30
2026-03-01 12:02:39.753 | DEBUG    | __main__:run:188 - Episodio 5500: max_change=0.033905, cobertura=100.0%, estable=0/30
2026-03-01 12:02:39.783 | DEBUG    | __main__:run:188 - Episodio 5600: max_change=0.025647, cobertura=100.0%, estable=0/30
2026-03-01 12:02:39.812 | DEBUG    | __main__:run:188 - Episodio 5700: max_change=0.023684, cobertura=100.0%, estable=0/30
2026-03-01 12:02:39.842 | DEBUG    | __main__:run:188 - Episodio 5800: max_change=0.032815, cobertura=100.0%, estable=0/30
2026-03-01 12:02:39.872 | DEBUG    | __main__:run:188 - Episodio 5900: max_change=0.031132, cobertura=100.0%, estable=0/30
2026-03-01 12:02:39.905 | DEBUG    | __main__:run:188 - Episodio 6000: max_change=0.029575, cobertura=100.0%, estable=0/30
2026-03-01 12:02:39.935 | DEBUG    | __main__:run:188 - Episodio 6100: max_change=0.022345, cobertura=100.0%, estable=0/30
2026-03-01 12:02:39.965 | DEBUG    | __main__:run:188 - Episodio 6200: max_change=0.015266, cobertura=100.0%, estable=0/30
2026-03-01 12:02:39.995 | DEBUG    | __main__:run:188 - Episodio 6300: max_change=0.047301, cobertura=100.0%, estable=0/30
2026-03-01 12:02:40.026 | DEBUG    | __main__:run:188 - Episodio 6400: max_change=0.009001, cobertura=100.0%, estable=0/30
2026-03-01 12:02:40.056 | DEBUG    | __main__:run:188 - Episodio 6500: max_change=0.012959, cobertura=100.0%, estable=0/30
2026-03-01 12:02:40.089 | DEBUG    | __main__:run:188 - Episodio 6600: max_change=0.015996, cobertura=100.0%, estable=0/30
2026-03-01 12:02:40.122 | DEBUG    | __main__:run:188 - Episodio 6700: max_change=0.011465, cobertura=100.0%, estable=0/30
2026-03-01 12:02:40.157 | DEBUG    | __main__:run:188 - Episodio 6800: max_change=0.016223, cobertura=100.0%, estable=0/30
2026-03-01 12:02:40.193 | DEBUG    | __main__:run:188 - Episodio 6900: max_change=0.008975, cobertura=100.0%, estable=0/30
2026-03-01 12:02:40.234 | DEBUG    | __main__:run:188 - Episodio 7000: max_change=0.004951, cobertura=100.0%, estable=1/30
2026-03-01 12:02:40.274 | DEBUG    | __main__:run:188 - Episodio 7100: max_change=0.006940, cobertura=100.0%, estable=0/30
2026-03-01 12:02:40.314 | DEBUG    | __main__:run:188 - Episodio 7200: max_change=0.022242, cobertura=100.0%, estable=0/30
2026-03-01 12:02:40.354 | DEBUG    | __main__:run:188 - Episodio 7300: max_change=0.044354, cobertura=100.0%, estable=0/30
2026-03-01 12:02:40.387 | DEBUG    | __main__:run:188 - Episodio 7400: max_change=0.015079, cobertura=100.0%, estable=0/30
2026-03-01 12:02:40.421 | DEBUG    | __main__:run:188 - Episodio 7500: max_change=0.021391, cobertura=100.0%, estable=0/30
2026-03-01 12:02:40.454 | DEBUG    | __main__:run:188 - Episodio 7600: max_change=0.071078, cobertura=100.0%, estable=0/30
2026-03-01 12:02:40.484 | DEBUG    | __main__:run:188 - Episodio 7700: max_change=0.008429, cobertura=100.0%, estable=0/30
2026-03-01 12:02:40.514 | DEBUG    | __main__:run:188 - Episodio 7800: max_change=0.005466, cobertura=100.0%, estable=0/30
2026-03-01 12:02:40.547 | DEBUG    | __main__:run:188 - Episodio 7900: max_change=0.007371, cobertura=100.0%, estable=0/30
2026-03-01 12:02:40.578 | DEBUG    | __main__:run:188 - Episodio 8000: max_change=0.010263, cobertura=100.0%, estable=0/30
2026-03-01 12:02:40.609 | DEBUG    | __main__:run:188 - Episodio 8100: max_change=0.043084, cobertura=100.0%, estable=0/30
2026-03-01 12:02:40.641 | DEBUG    | __main__:run:188 - Episodio 8200: max_change=0.007020, cobertura=100.0%, estable=0/30
2026-03-01 12:02:40.672 | DEBUG    | __main__:run:188 - Episodio 8300: max_change=0.008655, cobertura=100.0%, estable=0/30
2026-03-01 12:02:40.701 | DEBUG    | __main__:run:188 - Episodio 8400: max_change=0.035492, cobertura=100.0%, estable=0/30
2026-03-01 12:02:40.733 | DEBUG    | __main__:run:188 - Episodio 8500: max_change=0.011484, cobertura=100.0%, estable=0/30
2026-03-01 12:02:40.765 | DEBUG    | __main__:run:188 - Episodio 8600: max_change=0.009272, cobertura=100.0%, estable=0/30
2026-03-01 12:02:40.796 | DEBUG    | __main__:run:188 - Episodio 8700: max_change=0.008275, cobertura=100.0%, estable=0/30
2026-03-01 12:02:40.825 | DEBUG    | __main__:run:188 - Episodio 8800: max_change=0.005190, cobertura=100.0%, estable=0/30
2026-03-01 12:02:40.851 | DEBUG    | __main__:run:188 - Episodio 8900: max_change=0.004992, cobertura=100.0%, estable=1/30
2026-03-01 12:02:40.882 | DEBUG    | __main__:run:188 - Episodio 9000: max_change=0.003672, cobertura=100.0%, estable=2/30
2026-03-01 12:02:40.913 | DEBUG    | __main__:run:188 - Episodio 9100: max_change=0.002693, cobertura=100.0%, estable=3/30
2026-03-01 12:02:40.943 | DEBUG    | __main__:run:188 - Episodio 9200: max_change=0.005265, cobertura=100.0%, estable=0/30
2026-03-01 12:02:40.972 | DEBUG    | __main__:run:188 - Episodio 9300: max_change=0.001864, cobertura=100.0%, estable=1/30
2026-03-01 12:02:41.002 | DEBUG    | __main__:run:188 - Episodio 9400: max_change=0.004852, cobertura=100.0%, estable=2/30
2026-03-01 12:02:41.032 | DEBUG    | __main__:run:188 - Episodio 9500: max_change=0.008672, cobertura=100.0%, estable=0/30
2026-03-01 12:02:41.062 | DEBUG    | __main__:run:188 - Episodio 9600: max_change=0.005924, cobertura=100.0%, estable=0/30
2026-03-01 12:02:41.090 | DEBUG    | __main__:run:188 - Episodio 9700: max_change=0.001564, cobertura=100.0%, estable=1/30
2026-03-01 12:02:41.119 | DEBUG    | __main__:run:188 - Episodio 9800: max_change=0.069379, cobertura=100.0%, estable=0/30
2026-03-01 12:02:41.148 | DEBUG    | __main__:run:188 - Episodio 9900: max_change=0.008147, cobertura=100.0%, estable=0/30
2026-03-01 12:02:41.178 | DEBUG    | __main__:run:188 - Episodio 10000: max_change=0.004116, cobertura=100.0%, estable=1/30
2026-03-01 12:02:41.207 | DEBUG    | __main__:run:188 - Episodio 10100: max_change=0.002854, cobertura=100.0%, estable=2/30
2026-03-01 12:02:41.237 | DEBUG    | __main__:run:188 - Episodio 10200: max_change=0.007230, cobertura=100.0%, estable=0/30
2026-03-01 12:02:41.267 | DEBUG    | __main__:run:188 - Episodio 10300: max_change=0.012076, cobertura=100.0%, estable=0/30
2026-03-01 12:02:41.299 | DEBUG    | __main__:run:188 - Episodio 10400: max_change=0.001652, cobertura=100.0%, estable=1/30
2026-03-01 12:02:41.332 | DEBUG    | __main__:run:188 - Episodio 10500: max_change=0.001571, cobertura=100.0%, estable=2/30
2026-03-01 12:02:41.364 | DEBUG    | __main__:run:188 - Episodio 10600: max_change=0.020723, cobertura=100.0%, estable=0/30
2026-03-01 12:02:41.396 | DEBUG    | __main__:run:188 - Episodio 10700: max_change=0.004283, cobertura=100.0%, estable=1/30
2026-03-01 12:02:41.428 | DEBUG    | __main__:run:188 - Episodio 10800: max_change=0.020664, cobertura=100.0%, estable=0/30
2026-03-01 12:02:41.456 | DEBUG    | __main__:run:188 - Episodio 10900: max_change=0.032096, cobertura=100.0%, estable=0/30
2026-03-01 12:02:41.486 | DEBUG    | __main__:run:188 - Episodio 11000: max_change=0.014764, cobertura=100.0%, estable=0/30
2026-03-01 12:02:41.518 | DEBUG    | __main__:run:188 - Episodio 11100: max_change=0.017978, cobertura=100.0%, estable=0/30
2026-03-01 12:02:41.547 | DEBUG    | __main__:run:188 - Episodio 11200: max_change=0.008163, cobertura=100.0%, estable=0/30
2026-03-01 12:02:41.577 | DEBUG    | __main__:run:188 - Episodio 11300: max_change=0.006056, cobertura=100.0%, estable=0/30
2026-03-01 12:02:41.610 | DEBUG    | __main__:run:188 - Episodio 11400: max_change=0.005203, cobertura=100.0%, estable=0/30
2026-03-01 12:02:41.638 | DEBUG    | __main__:run:188 - Episodio 11500: max_change=0.005200, cobertura=100.0%, estable=0/30
2026-03-01 12:02:41.668 | DEBUG    | __main__:run:188 - Episodio 11600: max_change=0.013716, cobertura=100.0%, estable=0/30
2026-03-01 12:02:41.700 | DEBUG    | __main__:run:188 - Episodio 11700: max_change=0.001877, cobertura=100.0%, estable=1/30
2026-03-01 12:02:41.730 | DEBUG    | __main__:run:188 - Episodio 11800: max_change=0.005368, cobertura=100.0%, estable=0/30
2026-03-01 12:02:41.760 | DEBUG    | __main__:run:188 - Episodio 11900: max_change=0.007197, cobertura=100.0%, estable=0/30
2026-03-01 12:02:41.790 | DEBUG    | __main__:run:188 - Episodio 12000: max_change=0.003300, cobertura=100.0%, estable=1/30
2026-03-01 12:02:41.820 | DEBUG    | __main__:run:188 - Episodio 12100: max_change=0.003910, cobertura=100.0%, estable=2/30
2026-03-01 12:02:41.852 | DEBUG    | __main__:run:188 - Episodio 12200: max_change=0.004183, cobertura=100.0%, estable=3/30
2026-03-01 12:02:41.885 | DEBUG    | __main__:run:188 - Episodio 12300: max_change=0.003954, cobertura=100.0%, estable=4/30
2026-03-01 12:02:41.916 | DEBUG    | __main__:run:188 - Episodio 12400: max_change=0.010979, cobertura=100.0%, estable=0/30
2026-03-01 12:02:41.952 | DEBUG    | __main__:run:188 - Episodio 12500: max_change=0.004877, cobertura=100.0%, estable=1/30
2026-03-01 12:02:42.005 | DEBUG    | __main__:run:188 - Episodio 12600: max_change=0.005313, cobertura=100.0%, estable=0/30
2026-03-01 12:02:42.039 | DEBUG    | __main__:run:188 - Episodio 12700: max_change=0.004353, cobertura=100.0%, estable=1/30
2026-03-01 12:02:42.070 | DEBUG    | __main__:run:188 - Episodio 12800: max_change=0.003998, cobertura=100.0%, estable=2/30
2026-03-01 12:02:42.102 | DEBUG    | __main__:run:188 - Episodio 12900: max_change=0.001487, cobertura=100.0%, estable=3/30
2026-03-01 12:02:42.132 | DEBUG    | __main__:run:188 - Episodio 13000: max_change=0.008318, cobertura=100.0%, estable=0/30
2026-03-01 12:02:42.160 | DEBUG    | __main__:run:188 - Episodio 13100: max_change=0.002214, cobertura=100.0%, estable=1/30
2026-03-01 12:02:42.189 | DEBUG    | __main__:run:188 - Episodio 13200: max_change=0.013852, cobertura=100.0%, estable=0/30
2026-03-01 12:02:42.216 | DEBUG    | __main__:run:188 - Episodio 13300: max_change=0.002348, cobertura=100.0%, estable=1/30
2026-03-01 12:02:42.244 | DEBUG    | __main__:run:188 - Episodio 13400: max_change=0.011071, cobertura=100.0%, estable=0/30
2026-03-01 12:02:42.272 | DEBUG    | __main__:run:188 - Episodio 13500: max_change=0.007040, cobertura=100.0%, estable=0/30
2026-03-01 12:02:42.306 | DEBUG    | __main__:run:188 - Episodio 13600: max_change=0.033135, cobertura=100.0%, estable=0/30
2026-03-01 12:02:42.338 | DEBUG    | __main__:run:188 - Episodio 13700: max_change=0.004722, cobertura=100.0%, estable=1/30
2026-03-01 12:02:42.367 | DEBUG    | __main__:run:188 - Episodio 13800: max_change=0.009229, cobertura=100.0%, estable=0/30
2026-03-01 12:02:42.396 | DEBUG    | __main__:run:188 - Episodio 13900: max_change=0.009798, cobertura=100.0%, estable=0/30
2026-03-01 12:02:42.426 | DEBUG    | __main__:run:188 - Episodio 14000: max_change=0.002269, cobertura=100.0%, estable=1/30
2026-03-01 12:02:42.458 | DEBUG    | __main__:run:188 - Episodio 14100: max_change=0.012185, cobertura=100.0%, estable=0/30
2026-03-01 12:02:42.494 | DEBUG    | __main__:run:188 - Episodio 14200: max_change=0.010887, cobertura=100.0%, estable=0/30
2026-03-01 12:02:42.537 | DEBUG    | __main__:run:188 - Episodio 14300: max_change=0.002753, cobertura=100.0%, estable=1/30
2026-03-01 12:02:42.576 | DEBUG    | __main__:run:188 - Episodio 14400: max_change=0.007203, cobertura=100.0%, estable=0/30
2026-03-01 12:02:42.653 | DEBUG    | __main__:run:188 - Episodio 14500: max_change=0.018182, cobertura=100.0%, estable=0/30
2026-03-01 12:02:42.693 | DEBUG    | __main__:run:188 - Episodio 14600: max_change=0.009468, cobertura=100.0%, estable=0/30
2026-03-01 12:02:42.722 | DEBUG    | __main__:run:188 - Episodio 14700: max_change=0.003526, cobertura=100.0%, estable=1/30
2026-03-01 12:02:42.752 | DEBUG    | __main__:run:188 - Episodio 14800: max_change=0.007033, cobertura=100.0%, estable=0/30
2026-03-01 12:02:42.780 | DEBUG    | __main__:run:188 - Episodio 14900: max_change=0.004560, cobertura=100.0%, estable=1/30
2026-03-01 12:02:42.812 | DEBUG    | __main__:run:188 - Episodio 15000: max_change=0.056565, cobertura=100.0%, estable=0/30
2026-03-01 12:02:42.843 | DEBUG    | __main__:run:188 - Episodio 15100: max_change=0.001676, cobertura=100.0%, estable=1/30
2026-03-01 12:02:42.877 | DEBUG    | __main__:run:188 - Episodio 15200: max_change=0.002856, cobertura=100.0%, estable=2/30
2026-03-01 12:02:42.907 | DEBUG    | __main__:run:188 - Episodio 15300: max_change=0.008443, cobertura=100.0%, estable=0/30
2026-03-01 12:02:42.934 | DEBUG    | __main__:run:188 - Episodio 15400: max_change=0.002519, cobertura=100.0%, estable=1/30
2026-03-01 12:02:42.962 | DEBUG    | __main__:run:188 - Episodio 15500: max_change=0.003522, cobertura=100.0%, estable=2/30
2026-03-01 12:02:42.991 | DEBUG    | __main__:run:188 - Episodio 15600: max_change=0.004909, cobertura=100.0%, estable=3/30
2026-03-01 12:02:43.021 | DEBUG    | __main__:run:188 - Episodio 15700: max_change=0.005408, cobertura=100.0%, estable=0/30
2026-03-01 12:02:43.051 | DEBUG    | __main__:run:188 - Episodio 15800: max_change=0.002320, cobertura=100.0%, estable=1/30
2026-03-01 12:02:43.079 | DEBUG    | __main__:run:188 - Episodio 15900: max_change=0.001238, cobertura=100.0%, estable=2/30
2026-03-01 12:02:43.107 | DEBUG    | __main__:run:188 - Episodio 16000: max_change=0.010790, cobertura=100.0%, estable=0/30
2026-03-01 12:02:43.134 | DEBUG    | __main__:run:188 - Episodio 16100: max_change=0.002763, cobertura=100.0%, estable=1/30
2026-03-01 12:02:43.167 | DEBUG    | __main__:run:188 - Episodio 16200: max_change=0.003082, cobertura=100.0%, estable=2/30
2026-03-01 12:02:43.203 | DEBUG    | __main__:run:188 - Episodio 16300: max_change=0.004149, cobertura=100.0%, estable=3/30
2026-03-01 12:02:43.241 | DEBUG    | __main__:run:188 - Episodio 16400: max_change=0.001083, cobertura=100.0%, estable=4/30
2026-03-01 12:02:43.276 | DEBUG    | __main__:run:188 - Episodio 16500: max_change=0.006617, cobertura=100.0%, estable=0/30
2026-03-01 12:02:43.307 | DEBUG    | __main__:run:188 - Episodio 16600: max_change=0.010503, cobertura=100.0%, estable=0/30
2026-03-01 12:02:43.341 | DEBUG    | __main__:run:188 - Episodio 16700: max_change=0.001178, cobertura=100.0%, estable=1/30
2026-03-01 12:02:43.377 | DEBUG    | __main__:run:188 - Episodio 16800: max_change=0.006628, cobertura=100.0%, estable=0/30
2026-03-01 12:02:43.412 | DEBUG    | __main__:run:188 - Episodio 16900: max_change=0.004670, cobertura=100.0%, estable=1/30
2026-03-01 12:02:43.447 | DEBUG    | __main__:run:188 - Episodio 17000: max_change=0.003452, cobertura=100.0%, estable=2/30
2026-03-01 12:02:43.483 | DEBUG    | __main__:run:188 - Episodio 17100: max_change=0.001442, cobertura=100.0%, estable=3/30
2026-03-01 12:02:43.521 | DEBUG    | __main__:run:188 - Episodio 17200: max_change=0.016452, cobertura=100.0%, estable=0/30
2026-03-01 12:02:43.556 | DEBUG    | __main__:run:188 - Episodio 17300: max_change=0.013529, cobertura=100.0%, estable=0/30
2026-03-01 12:02:43.592 | DEBUG    | __main__:run:188 - Episodio 17400: max_change=0.000809, cobertura=100.0%, estable=1/30
2026-03-01 12:02:43.628 | DEBUG    | __main__:run:188 - Episodio 17500: max_change=0.003026, cobertura=100.0%, estable=2/30
2026-03-01 12:02:43.662 | DEBUG    | __main__:run:188 - Episodio 17600: max_change=0.009032, cobertura=100.0%, estable=0/30
2026-03-01 12:02:43.697 | DEBUG    | __main__:run:188 - Episodio 17700: max_change=0.014738, cobertura=100.0%, estable=0/30
2026-03-01 12:02:43.730 | DEBUG    | __main__:run:188 - Episodio 17800: max_change=0.004162, cobertura=100.0%, estable=1/30
2026-03-01 12:02:43.764 | DEBUG    | __main__:run:188 - Episodio 17900: max_change=0.007969, cobertura=100.0%, estable=0/30
2026-03-01 12:02:43.794 | DEBUG    | __main__:run:188 - Episodio 18000: max_change=0.001601, cobertura=100.0%, estable=1/30
2026-03-01 12:02:43.821 | DEBUG    | __main__:run:188 - Episodio 18100: max_change=0.006400, cobertura=100.0%, estable=0/30
2026-03-01 12:02:43.852 | DEBUG    | __main__:run:188 - Episodio 18200: max_change=0.000868, cobertura=100.0%, estable=1/30
2026-03-01 12:02:43.883 | DEBUG    | __main__:run:188 - Episodio 18300: max_change=0.002139, cobertura=100.0%, estable=2/30
2026-03-01 12:02:43.910 | DEBUG    | __main__:run:188 - Episodio 18400: max_change=0.003136, cobertura=100.0%, estable=3/30
2026-03-01 12:02:43.937 | DEBUG    | __main__:run:188 - Episodio 18500: max_change=0.002819, cobertura=100.0%, estable=4/30
2026-03-01 12:02:43.977 | DEBUG    | __main__:run:188 - Episodio 18600: max_change=0.006141, cobertura=100.0%, estable=0/30
2026-03-01 12:02:44.010 | DEBUG    | __main__:run:188 - Episodio 18700: max_change=0.003157, cobertura=100.0%, estable=1/30
2026-03-01 12:02:44.039 | DEBUG    | __main__:run:188 - Episodio 18800: max_change=0.007264, cobertura=100.0%, estable=0/30
2026-03-01 12:02:44.069 | DEBUG    | __main__:run:188 - Episodio 18900: max_change=0.003867, cobertura=100.0%, estable=1/30
2026-03-01 12:02:44.098 | DEBUG    | __main__:run:188 - Episodio 19000: max_change=0.002793, cobertura=100.0%, estable=2/30
2026-03-01 12:02:44.127 | DEBUG    | __main__:run:188 - Episodio 19100: max_change=0.003875, cobertura=100.0%, estable=3/30
2026-03-01 12:02:44.155 | DEBUG    | __main__:run:188 - Episodio 19200: max_change=0.001305, cobertura=100.0%, estable=4/30
2026-03-01 12:02:44.184 | DEBUG    | __main__:run:188 - Episodio 19300: max_change=0.001720, cobertura=100.0%, estable=5/30
2026-03-01 12:02:44.214 | DEBUG    | __main__:run:188 - Episodio 19400: max_change=0.002051, cobertura=100.0%, estable=6/30
2026-03-01 12:02:44.243 | DEBUG    | __main__:run:188 - Episodio 19500: max_change=0.002807, cobertura=100.0%, estable=7/30
2026-03-01 12:02:44.274 | DEBUG    | __main__:run:188 - Episodio 19600: max_change=0.007931, cobertura=100.0%, estable=0/30
2026-03-01 12:02:44.304 | DEBUG    | __main__:run:188 - Episodio 19700: max_change=0.002885, cobertura=100.0%, estable=1/30
2026-03-01 12:02:44.341 | DEBUG    | __main__:run:188 - Episodio 19800: max_change=0.023726, cobertura=100.0%, estable=0/30
2026-03-01 12:02:44.378 | DEBUG    | __main__:run:188 - Episodio 19900: max_change=0.003549, cobertura=100.0%, estable=1/30
2026-03-01 12:02:44.423 | DEBUG    | __main__:run:188 - Episodio 20000: max_change=0.002193, cobertura=100.0%, estable=2/30
2026-03-01 12:02:44.460 | DEBUG    | __main__:run:188 - Episodio 20100: max_change=0.004785, cobertura=100.0%, estable=3/30
2026-03-01 12:02:44.501 | DEBUG    | __main__:run:188 - Episodio 20200: max_change=0.001920, cobertura=100.0%, estable=4/30
2026-03-01 12:02:44.539 | DEBUG    | __main__:run:188 - Episodio 20300: max_change=0.004090, cobertura=100.0%, estable=5/30
2026-03-01 12:02:44.574 | DEBUG    | __main__:run:188 - Episodio 20400: max_change=0.002067, cobertura=100.0%, estable=6/30
2026-03-01 12:02:44.608 | DEBUG    | __main__:run:188 - Episodio 20500: max_change=0.001832, cobertura=100.0%, estable=7/30
2026-03-01 12:02:44.640 | DEBUG    | __main__:run:188 - Episodio 20600: max_change=0.005814, cobertura=100.0%, estable=0/30
2026-03-01 12:02:44.673 | DEBUG    | __main__:run:188 - Episodio 20700: max_change=0.034930, cobertura=100.0%, estable=0/30
2026-03-01 12:02:44.704 | DEBUG    | __main__:run:188 - Episodio 20800: max_change=0.002405, cobertura=100.0%, estable=1/30
2026-03-01 12:02:44.736 | DEBUG    | __main__:run:188 - Episodio 20900: max_change=0.002422, cobertura=100.0%, estable=2/30
2026-03-01 12:02:44.767 | DEBUG    | __main__:run:188 - Episodio 21000: max_change=0.006070, cobertura=100.0%, estable=0/30
2026-03-01 12:02:44.799 | DEBUG    | __main__:run:188 - Episodio 21100: max_change=0.000727, cobertura=100.0%, estable=1/30
2026-03-01 12:02:44.838 | DEBUG    | __main__:run:188 - Episodio 21200: max_change=0.055886, cobertura=100.0%, estable=0/30
2026-03-01 12:02:44.867 | DEBUG    | __main__:run:188 - Episodio 21300: max_change=0.003596, cobertura=100.0%, estable=1/30
2026-03-01 12:02:44.899 | DEBUG    | __main__:run:188 - Episodio 21400: max_change=0.001974, cobertura=100.0%, estable=2/30
2026-03-01 12:02:44.927 | DEBUG    | __main__:run:188 - Episodio 21500: max_change=0.003284, cobertura=100.0%, estable=3/30
2026-03-01 12:02:44.958 | DEBUG    | __main__:run:188 - Episodio 21600: max_change=0.001696, cobertura=100.0%, estable=4/30
2026-03-01 12:02:44.986 | DEBUG    | __main__:run:188 - Episodio 21700: max_change=0.006067, cobertura=100.0%, estable=0/30
2026-03-01 12:02:45.017 | DEBUG    | __main__:run:188 - Episodio 21800: max_change=0.000897, cobertura=100.0%, estable=1/30
2026-03-01 12:02:45.046 | DEBUG    | __main__:run:188 - Episodio 21900: max_change=0.002292, cobertura=100.0%, estable=2/30
2026-03-01 12:02:45.075 | DEBUG    | __main__:run:188 - Episodio 22000: max_change=0.033381, cobertura=100.0%, estable=0/30
2026-03-01 12:02:45.107 | DEBUG    | __main__:run:188 - Episodio 22100: max_change=0.003646, cobertura=100.0%, estable=1/30
2026-03-01 12:02:45.139 | DEBUG    | __main__:run:188 - Episodio 22200: max_change=0.014688, cobertura=100.0%, estable=0/30
2026-03-01 12:02:45.170 | DEBUG    | __main__:run:188 - Episodio 22300: max_change=0.002598, cobertura=100.0%, estable=1/30
2026-03-01 12:02:45.202 | DEBUG    | __main__:run:188 - Episodio 22400: max_change=0.001405, cobertura=100.0%, estable=2/30
2026-03-01 12:02:45.232 | DEBUG    | __main__:run:188 - Episodio 22500: max_change=0.002610, cobertura=100.0%, estable=3/30
2026-03-01 12:02:45.266 | DEBUG    | __main__:run:188 - Episodio 22600: max_change=0.006317, cobertura=100.0%, estable=0/30
2026-03-01 12:02:45.297 | DEBUG    | __main__:run:188 - Episodio 22700: max_change=0.002555, cobertura=100.0%, estable=1/30
2026-03-01 12:02:45.327 | DEBUG    | __main__:run:188 - Episodio 22800: max_change=0.002559, cobertura=100.0%, estable=2/30
2026-03-01 12:02:45.359 | DEBUG    | __main__:run:188 - Episodio 22900: max_change=0.002680, cobertura=100.0%, estable=3/30
2026-03-01 12:02:45.390 | DEBUG    | __main__:run:188 - Episodio 23000: max_change=0.015872, cobertura=100.0%, estable=0/30
2026-03-01 12:02:45.422 | DEBUG    | __main__:run:188 - Episodio 23100: max_change=0.003372, cobertura=100.0%, estable=1/30
2026-03-01 12:02:45.451 | DEBUG    | __main__:run:188 - Episodio 23200: max_change=0.001282, cobertura=100.0%, estable=2/30
2026-03-01 12:02:45.479 | DEBUG    | __main__:run:188 - Episodio 23300: max_change=0.001386, cobertura=100.0%, estable=3/30
2026-03-01 12:02:45.510 | DEBUG    | __main__:run:188 - Episodio 23400: max_change=0.002882, cobertura=100.0%, estable=4/30
2026-03-01 12:02:45.542 | DEBUG    | __main__:run:188 - Episodio 23500: max_change=0.001602, cobertura=100.0%, estable=5/30
2026-03-01 12:02:45.572 | DEBUG    | __main__:run:188 - Episodio 23600: max_change=0.032939, cobertura=100.0%, estable=0/30
2026-03-01 12:02:45.608 | DEBUG    | __main__:run:188 - Episodio 23700: max_change=0.001622, cobertura=100.0%, estable=1/30
2026-03-01 12:02:45.643 | DEBUG    | __main__:run:188 - Episodio 23800: max_change=0.004511, cobertura=100.0%, estable=2/30
2026-03-01 12:02:45.685 | DEBUG    | __main__:run:188 - Episodio 23900: max_change=0.002360, cobertura=100.0%, estable=3/30
2026-03-01 12:02:45.718 | DEBUG    | __main__:run:188 - Episodio 24000: max_change=0.006741, cobertura=100.0%, estable=0/30
2026-03-01 12:02:45.748 | DEBUG    | __main__:run:188 - Episodio 24100: max_change=0.029484, cobertura=100.0%, estable=0/30
2026-03-01 12:02:45.777 | DEBUG    | __main__:run:188 - Episodio 24200: max_change=0.005562, cobertura=100.0%, estable=0/30
2026-03-01 12:02:45.807 | DEBUG    | __main__:run:188 - Episodio 24300: max_change=0.001180, cobertura=100.0%, estable=1/30
2026-03-01 12:02:45.839 | DEBUG    | __main__:run:188 - Episodio 24400: max_change=0.028916, cobertura=100.0%, estable=0/30
2026-03-01 12:02:45.868 | DEBUG    | __main__:run:188 - Episodio 24500: max_change=0.004050, cobertura=100.0%, estable=1/30
2026-03-01 12:02:45.904 | DEBUG    | __main__:run:188 - Episodio 24600: max_change=0.007207, cobertura=100.0%, estable=0/30
2026-03-01 12:02:45.939 | DEBUG    | __main__:run:188 - Episodio 24700: max_change=0.002401, cobertura=100.0%, estable=1/30
2026-03-01 12:02:45.971 | DEBUG    | __main__:run:188 - Episodio 24800: max_change=0.002574, cobertura=100.0%, estable=2/30
2026-03-01 12:02:46.003 | DEBUG    | __main__:run:188 - Episodio 24900: max_change=0.003546, cobertura=100.0%, estable=3/30
2026-03-01 12:02:46.035 | DEBUG    | __main__:run:188 - Episodio 25000: max_change=0.001558, cobertura=100.0%, estable=4/30
2026-03-01 12:02:46.068 | DEBUG    | __main__:run:188 - Episodio 25100: max_change=0.003083, cobertura=100.0%, estable=5/30
2026-03-01 12:02:46.103 | DEBUG    | __main__:run:188 - Episodio 25200: max_change=0.005178, cobertura=100.0%, estable=0/30
2026-03-01 12:02:46.132 | DEBUG    | __main__:run:188 - Episodio 25300: max_change=0.003304, cobertura=100.0%, estable=1/30
2026-03-01 12:02:46.164 | DEBUG    | __main__:run:188 - Episodio 25400: max_change=0.004193, cobertura=100.0%, estable=2/30
2026-03-01 12:02:46.196 | DEBUG    | __main__:run:188 - Episodio 25500: max_change=0.003198, cobertura=100.0%, estable=3/30
2026-03-01 12:02:46.231 | DEBUG    | __main__:run:188 - Episodio 25600: max_change=0.014487, cobertura=100.0%, estable=0/30
2026-03-01 12:02:46.266 | DEBUG    | __main__:run:188 - Episodio 25700: max_change=0.001794, cobertura=100.0%, estable=1/30
2026-03-01 12:02:46.297 | DEBUG    | __main__:run:188 - Episodio 25800: max_change=0.002626, cobertura=100.0%, estable=2/30
2026-03-01 12:02:46.327 | DEBUG    | __main__:run:188 - Episodio 25900: max_change=0.002740, cobertura=100.0%, estable=3/30
2026-03-01 12:02:46.358 | DEBUG    | __main__:run:188 - Episodio 26000: max_change=0.003691, cobertura=100.0%, estable=4/30
2026-03-01 12:02:46.389 | DEBUG    | __main__:run:188 - Episodio 26100: max_change=0.002226, cobertura=100.0%, estable=5/30
2026-03-01 12:02:46.420 | DEBUG    | __main__:run:188 - Episodio 26200: max_change=0.001816, cobertura=100.0%, estable=6/30
2026-03-01 12:02:46.452 | DEBUG    | __main__:run:188 - Episodio 26300: max_change=0.002486, cobertura=100.0%, estable=7/30
2026-03-01 12:02:46.485 | DEBUG    | __main__:run:188 - Episodio 26400: max_change=0.001214, cobertura=100.0%, estable=8/30
2026-03-01 12:02:46.515 | DEBUG    | __main__:run:188 - Episodio 26500: max_change=0.001966, cobertura=100.0%, estable=9/30
2026-03-01 12:02:46.545 | DEBUG    | __main__:run:188 - Episodio 26600: max_change=0.006124, cobertura=100.0%, estable=0/30
2026-03-01 12:02:46.575 | DEBUG    | __main__:run:188 - Episodio 26700: max_change=0.000976, cobertura=100.0%, estable=1/30
2026-03-01 12:02:46.604 | DEBUG    | __main__:run:188 - Episodio 26800: max_change=0.001838, cobertura=100.0%, estable=2/30
2026-03-01 12:02:46.632 | DEBUG    | __main__:run:188 - Episodio 26900: max_change=0.018913, cobertura=100.0%, estable=0/30
2026-03-01 12:02:46.662 | DEBUG    | __main__:run:188 - Episodio 27000: max_change=0.006383, cobertura=100.0%, estable=0/30
2026-03-01 12:02:46.693 | DEBUG    | __main__:run:188 - Episodio 27100: max_change=0.002709, cobertura=100.0%, estable=1/30
2026-03-01 12:02:46.727 | DEBUG    | __main__:run:188 - Episodio 27200: max_change=0.001767, cobertura=100.0%, estable=2/30
2026-03-01 12:02:46.765 | DEBUG    | __main__:run:188 - Episodio 27300: max_change=0.004499, cobertura=100.0%, estable=3/30
2026-03-01 12:02:46.798 | DEBUG    | __main__:run:188 - Episodio 27400: max_change=0.001048, cobertura=100.0%, estable=4/30
2026-03-01 12:02:46.830 | DEBUG    | __main__:run:188 - Episodio 27500: max_change=0.002279, cobertura=100.0%, estable=5/30
2026-03-01 12:02:46.861 | DEBUG    | __main__:run:188 - Episodio 27600: max_change=0.009617, cobertura=100.0%, estable=0/30
2026-03-01 12:02:46.890 | DEBUG    | __main__:run:188 - Episodio 27700: max_change=0.002252, cobertura=100.0%, estable=1/30
2026-03-01 12:02:46.921 | DEBUG    | __main__:run:188 - Episodio 27800: max_change=0.002125, cobertura=100.0%, estable=2/30
2026-03-01 12:02:46.953 | DEBUG    | __main__:run:188 - Episodio 27900: max_change=0.000750, cobertura=100.0%, estable=3/30
2026-03-01 12:02:46.983 | DEBUG    | __main__:run:188 - Episodio 28000: max_change=0.001851, cobertura=100.0%, estable=4/30
2026-03-01 12:02:47.012 | DEBUG    | __main__:run:188 - Episodio 28100: max_change=0.002856, cobertura=100.0%, estable=5/30
2026-03-01 12:02:47.040 | DEBUG    | __main__:run:188 - Episodio 28200: max_change=0.001364, cobertura=100.0%, estable=6/30
2026-03-01 12:02:47.072 | DEBUG    | __main__:run:188 - Episodio 28300: max_change=0.001507, cobertura=100.0%, estable=7/30
2026-03-01 12:02:47.099 | DEBUG    | __main__:run:188 - Episodio 28400: max_change=0.115449, cobertura=100.0%, estable=0/30
2026-03-01 12:02:47.130 | DEBUG    | __main__:run:188 - Episodio 28500: max_change=0.026489, cobertura=100.0%, estable=0/30
2026-03-01 12:02:47.160 | DEBUG    | __main__:run:188 - Episodio 28600: max_change=0.000885, cobertura=100.0%, estable=1/30
2026-03-01 12:02:47.190 | DEBUG    | __main__:run:188 - Episodio 28700: max_change=0.000819, cobertura=100.0%, estable=2/30
2026-03-01 12:02:47.217 | DEBUG    | __main__:run:188 - Episodio 28800: max_change=0.011436, cobertura=100.0%, estable=0/30
2026-03-01 12:02:47.247 | DEBUG    | __main__:run:188 - Episodio 28900: max_change=0.000925, cobertura=100.0%, estable=1/30
2026-03-01 12:02:47.275 | DEBUG    | __main__:run:188 - Episodio 29000: max_change=0.018888, cobertura=100.0%, estable=0/30
2026-03-01 12:02:47.303 | DEBUG    | __main__:run:188 - Episodio 29100: max_change=0.003533, cobertura=100.0%, estable=1/30
2026-03-01 12:02:47.332 | DEBUG    | __main__:run:188 - Episodio 29200: max_change=0.002307, cobertura=100.0%, estable=2/30
2026-03-01 12:02:47.362 | DEBUG    | __main__:run:188 - Episodio 29300: max_change=0.001996, cobertura=100.0%, estable=3/30
2026-03-01 12:02:47.391 | DEBUG    | __main__:run:188 - Episodio 29400: max_change=0.000505, cobertura=100.0%, estable=4/30
2026-03-01 12:02:47.418 | DEBUG    | __main__:run:188 - Episodio 29500: max_change=0.004639, cobertura=100.0%, estable=5/30
2026-03-01 12:02:47.445 | DEBUG    | __main__:run:188 - Episodio 29600: max_change=0.003134, cobertura=100.0%, estable=6/30
2026-03-01 12:02:47.474 | DEBUG    | __main__:run:188 - Episodio 29700: max_change=0.001001, cobertura=100.0%, estable=7/30
2026-03-01 12:02:47.502 | DEBUG    | __main__:run:188 - Episodio 29800: max_change=0.002033, cobertura=100.0%, estable=8/30
2026-03-01 12:02:47.532 | DEBUG    | __main__:run:188 - Episodio 29900: max_change=0.036683, cobertura=100.0%, estable=0/30
2026-03-01 12:02:47.567 | DEBUG    | __main__:run:188 - Episodio 30000: max_change=0.000749, cobertura=100.0%, estable=1/30
2026-03-01 12:02:47.602 | DEBUG    | __main__:run:188 - Episodio 30100: max_change=0.001998, cobertura=100.0%, estable=2/30
2026-03-01 12:02:47.631 | DEBUG    | __main__:run:188 - Episodio 30200: max_change=0.005118, cobertura=100.0%, estable=0/30
2026-03-01 12:02:47.658 | DEBUG    | __main__:run:188 - Episodio 30300: max_change=0.003415, cobertura=100.0%, estable=1/30
2026-03-01 12:02:47.685 | DEBUG    | __main__:run:188 - Episodio 30400: max_change=0.000783, cobertura=100.0%, estable=2/30
2026-03-01 12:02:47.714 | DEBUG    | __main__:run:188 - Episodio 30500: max_change=0.002111, cobertura=100.0%, estable=3/30
2026-03-01 12:02:47.740 | DEBUG    | __main__:run:188 - Episodio 30600: max_change=0.000625, cobertura=100.0%, estable=4/30
2026-03-01 12:02:47.767 | DEBUG    | __main__:run:188 - Episodio 30700: max_change=0.004243, cobertura=100.0%, estable=5/30
2026-03-01 12:02:47.793 | DEBUG    | __main__:run:188 - Episodio 30800: max_change=0.002350, cobertura=100.0%, estable=6/30
2026-03-01 12:02:47.829 | DEBUG    | __main__:run:188 - Episodio 30900: max_change=0.011842, cobertura=100.0%, estable=0/30
2026-03-01 12:02:47.867 | DEBUG    | __main__:run:188 - Episodio 31000: max_change=0.002674, cobertura=100.0%, estable=1/30
2026-03-01 12:02:47.895 | DEBUG    | __main__:run:188 - Episodio 31100: max_change=0.000720, cobertura=100.0%, estable=2/30
2026-03-01 12:02:47.931 | DEBUG    | __main__:run:188 - Episodio 31200: max_change=0.003995, cobertura=100.0%, estable=3/30
2026-03-01 12:02:47.963 | DEBUG    | __main__:run:188 - Episodio 31300: max_change=0.008083, cobertura=100.0%, estable=0/30
2026-03-01 12:02:47.993 | DEBUG    | __main__:run:188 - Episodio 31400: max_change=0.000741, cobertura=100.0%, estable=1/30
2026-03-01 12:02:48.025 | DEBUG    | __main__:run:188 - Episodio 31500: max_change=0.001566, cobertura=100.0%, estable=2/30
2026-03-01 12:02:48.061 | DEBUG    | __main__:run:188 - Episodio 31600: max_change=0.017461, cobertura=100.0%, estable=0/30
2026-03-01 12:02:48.090 | DEBUG    | __main__:run:188 - Episodio 31700: max_change=0.001889, cobertura=100.0%, estable=1/30
2026-03-01 12:02:48.123 | DEBUG    | __main__:run:188 - Episodio 31800: max_change=0.002378, cobertura=100.0%, estable=2/30
2026-03-01 12:02:48.156 | DEBUG    | __main__:run:188 - Episodio 31900: max_change=0.000601, cobertura=100.0%, estable=3/30
2026-03-01 12:02:48.191 | DEBUG    | __main__:run:188 - Episodio 32000: max_change=0.001906, cobertura=100.0%, estable=4/30
2026-03-01 12:02:48.219 | DEBUG    | __main__:run:188 - Episodio 32100: max_change=0.002116, cobertura=100.0%, estable=5/30
2026-03-01 12:02:48.249 | DEBUG    | __main__:run:188 - Episodio 32200: max_change=0.000741, cobertura=100.0%, estable=6/30
2026-03-01 12:02:48.280 | DEBUG    | __main__:run:188 - Episodio 32300: max_change=0.001287, cobertura=100.0%, estable=7/30
2026-03-01 12:02:48.308 | DEBUG    | __main__:run:188 - Episodio 32400: max_change=0.004115, cobertura=100.0%, estable=8/30
2026-03-01 12:02:48.335 | DEBUG    | __main__:run:188 - Episodio 32500: max_change=0.002534, cobertura=100.0%, estable=9/30
2026-03-01 12:02:48.363 | DEBUG    | __main__:run:188 - Episodio 32600: max_change=0.001690, cobertura=100.0%, estable=10/30
2026-03-01 12:02:48.392 | DEBUG    | __main__:run:188 - Episodio 32700: max_change=0.005455, cobertura=100.0%, estable=0/30
2026-03-01 12:02:48.427 | DEBUG    | __main__:run:188 - Episodio 32800: max_change=0.002368, cobertura=100.0%, estable=1/30
2026-03-01 12:02:48.459 | DEBUG    | __main__:run:188 - Episodio 32900: max_change=0.000575, cobertura=100.0%, estable=2/30
2026-03-01 12:02:48.491 | DEBUG    | __main__:run:188 - Episodio 33000: max_change=0.024740, cobertura=100.0%, estable=0/30
2026-03-01 12:02:48.519 | DEBUG    | __main__:run:188 - Episodio 33100: max_change=0.000691, cobertura=100.0%, estable=1/30
2026-03-01 12:02:48.550 | DEBUG    | __main__:run:188 - Episodio 33200: max_change=0.002356, cobertura=100.0%, estable=2/30
2026-03-01 12:02:48.578 | DEBUG    | __main__:run:188 - Episodio 33300: max_change=0.001900, cobertura=100.0%, estable=3/30
2026-03-01 12:02:48.611 | DEBUG    | __main__:run:188 - Episodio 33400: max_change=0.003262, cobertura=100.0%, estable=4/30
2026-03-01 12:02:48.643 | DEBUG    | __main__:run:188 - Episodio 33500: max_change=0.002290, cobertura=100.0%, estable=5/30
2026-03-01 12:02:48.675 | DEBUG    | __main__:run:188 - Episodio 33600: max_change=0.000944, cobertura=100.0%, estable=6/30
2026-03-01 12:02:48.709 | DEBUG    | __main__:run:188 - Episodio 33700: max_change=0.001843, cobertura=100.0%, estable=7/30
2026-03-01 12:02:48.741 | DEBUG    | __main__:run:188 - Episodio 33800: max_change=0.001861, cobertura=100.0%, estable=8/30
2026-03-01 12:02:48.772 | DEBUG    | __main__:run:188 - Episodio 33900: max_change=0.007473, cobertura=100.0%, estable=0/30
2026-03-01 12:02:48.811 | DEBUG    | __main__:run:188 - Episodio 34000: max_change=0.003915, cobertura=100.0%, estable=1/30
2026-03-01 12:02:48.854 | DEBUG    | __main__:run:188 - Episodio 34100: max_change=0.001599, cobertura=100.0%, estable=2/30
2026-03-01 12:02:48.889 | DEBUG    | __main__:run:188 - Episodio 34200: max_change=0.001545, cobertura=100.0%, estable=3/30
2026-03-01 12:02:48.924 | DEBUG    | __main__:run:188 - Episodio 34300: max_change=0.001534, cobertura=100.0%, estable=4/30
2026-03-01 12:02:48.956 | DEBUG    | __main__:run:188 - Episodio 34400: max_change=0.002387, cobertura=100.0%, estable=5/30
2026-03-01 12:02:48.986 | DEBUG    | __main__:run:188 - Episodio 34500: max_change=0.001295, cobertura=100.0%, estable=6/30
2026-03-01 12:02:49.016 | DEBUG    | __main__:run:188 - Episodio 34600: max_change=0.001587, cobertura=100.0%, estable=7/30
2026-03-01 12:02:49.043 | DEBUG    | __main__:run:188 - Episodio 34700: max_change=0.006428, cobertura=100.0%, estable=0/30
2026-03-01 12:02:49.075 | DEBUG    | __main__:run:188 - Episodio 34800: max_change=0.004738, cobertura=100.0%, estable=1/30
2026-03-01 12:02:49.105 | DEBUG    | __main__:run:188 - Episodio 34900: max_change=0.000959, cobertura=100.0%, estable=2/30
2026-03-01 12:02:49.143 | DEBUG    | __main__:run:188 - Episodio 35000: max_change=0.002220, cobertura=100.0%, estable=3/30
2026-03-01 12:02:49.178 | DEBUG    | __main__:run:188 - Episodio 35100: max_change=0.001082, cobertura=100.0%, estable=4/30
2026-03-01 12:02:49.215 | DEBUG    | __main__:run:188 - Episodio 35200: max_change=0.002826, cobertura=100.0%, estable=5/30
2026-03-01 12:02:49.245 | DEBUG    | __main__:run:188 - Episodio 35300: max_change=0.017749, cobertura=100.0%, estable=0/30
2026-03-01 12:02:49.275 | DEBUG    | __main__:run:188 - Episodio 35400: max_change=0.001687, cobertura=100.0%, estable=1/30
2026-03-01 12:02:49.303 | DEBUG    | __main__:run:188 - Episodio 35500: max_change=0.004861, cobertura=100.0%, estable=2/30
2026-03-01 12:02:49.331 | DEBUG    | __main__:run:188 - Episodio 35600: max_change=0.001077, cobertura=100.0%, estable=3/30
2026-03-01 12:02:49.358 | DEBUG    | __main__:run:188 - Episodio 35700: max_change=0.001881, cobertura=100.0%, estable=4/30
2026-03-01 12:02:49.385 | DEBUG    | __main__:run:188 - Episodio 35800: max_change=0.002201, cobertura=100.0%, estable=5/30
2026-03-01 12:02:49.414 | DEBUG    | __main__:run:188 - Episodio 35900: max_change=0.001066, cobertura=100.0%, estable=6/30
2026-03-01 12:02:49.442 | DEBUG    | __main__:run:188 - Episodio 36000: max_change=0.003757, cobertura=100.0%, estable=7/30
2026-03-01 12:02:49.469 | DEBUG    | __main__:run:188 - Episodio 36100: max_change=0.001452, cobertura=100.0%, estable=8/30
2026-03-01 12:02:49.494 | DEBUG    | __main__:run:188 - Episodio 36200: max_change=0.000533, cobertura=100.0%, estable=9/30
2026-03-01 12:02:49.524 | DEBUG    | __main__:run:188 - Episodio 36300: max_change=0.000823, cobertura=100.0%, estable=10/30
2026-03-01 12:02:49.553 | DEBUG    | __main__:run:188 - Episodio 36400: max_change=0.026233, cobertura=100.0%, estable=0/30
2026-03-01 12:02:49.580 | DEBUG    | __main__:run:188 - Episodio 36500: max_change=0.000560, cobertura=100.0%, estable=1/30
2026-03-01 12:02:49.607 | DEBUG    | __main__:run:188 - Episodio 36600: max_change=0.001842, cobertura=100.0%, estable=2/30
2026-03-01 12:02:49.636 | DEBUG    | __main__:run:188 - Episodio 36700: max_change=0.000717, cobertura=100.0%, estable=3/30
2026-03-01 12:02:49.666 | DEBUG    | __main__:run:188 - Episodio 36800: max_change=0.002840, cobertura=100.0%, estable=4/30
2026-03-01 12:02:49.694 | DEBUG    | __main__:run:188 - Episodio 36900: max_change=0.002932, cobertura=100.0%, estable=5/30
2026-03-01 12:02:49.722 | DEBUG    | __main__:run:188 - Episodio 37000: max_change=0.000921, cobertura=100.0%, estable=6/30
2026-03-01 12:02:49.751 | DEBUG    | __main__:run:188 - Episodio 37100: max_change=0.001066, cobertura=100.0%, estable=7/30
2026-03-01 12:02:49.780 | DEBUG    | __main__:run:188 - Episodio 37200: max_change=0.001018, cobertura=100.0%, estable=8/30
2026-03-01 12:02:49.806 | DEBUG    | __main__:run:188 - Episodio 37300: max_change=0.001057, cobertura=100.0%, estable=9/30
2026-03-01 12:02:49.837 | DEBUG    | __main__:run:188 - Episodio 37400: max_change=0.002180, cobertura=100.0%, estable=10/30
2026-03-01 12:02:49.870 | DEBUG    | __main__:run:188 - Episodio 37500: max_change=0.001180, cobertura=100.0%, estable=11/30
2026-03-01 12:02:49.900 | DEBUG    | __main__:run:188 - Episodio 37600: max_change=0.000537, cobertura=100.0%, estable=12/30
2026-03-01 12:02:49.928 | DEBUG    | __main__:run:188 - Episodio 37700: max_change=0.000841, cobertura=100.0%, estable=13/30
2026-03-01 12:02:49.957 | DEBUG    | __main__:run:188 - Episodio 37800: max_change=0.000393, cobertura=100.0%, estable=14/30
2026-03-01 12:02:49.985 | DEBUG    | __main__:run:188 - Episodio 37900: max_change=0.002954, cobertura=100.0%, estable=15/30
2026-03-01 12:02:50.012 | DEBUG    | __main__:run:188 - Episodio 38000: max_change=0.001223, cobertura=100.0%, estable=16/30
2026-03-01 12:02:50.039 | DEBUG    | __main__:run:188 - Episodio 38100: max_change=0.002136, cobertura=100.0%, estable=17/30
2026-03-01 12:02:50.067 | DEBUG    | __main__:run:188 - Episodio 38200: max_change=0.000822, cobertura=100.0%, estable=18/30
2026-03-01 12:02:50.097 | DEBUG    | __main__:run:188 - Episodio 38300: max_change=0.004300, cobertura=100.0%, estable=19/30
2026-03-01 12:02:50.123 | DEBUG    | __main__:run:188 - Episodio 38400: max_change=0.000413, cobertura=100.0%, estable=20/30
2026-03-01 12:02:50.151 | DEBUG    | __main__:run:188 - Episodio 38500: max_change=0.010577, cobertura=100.0%, estable=0/30
2026-03-01 12:02:50.177 | DEBUG    | __main__:run:188 - Episodio 38600: max_change=0.002589, cobertura=100.0%, estable=1/30
2026-03-01 12:02:50.203 | DEBUG    | __main__:run:188 - Episodio 38700: max_change=0.000768, cobertura=100.0%, estable=2/30
2026-03-01 12:02:50.230 | DEBUG    | __main__:run:188 - Episodio 38800: max_change=0.002061, cobertura=100.0%, estable=3/30
2026-03-01 12:02:50.257 | DEBUG    | __main__:run:188 - Episodio 38900: max_change=0.000766, cobertura=100.0%, estable=4/30
2026-03-01 12:02:50.285 | DEBUG    | __main__:run:188 - Episodio 39000: max_change=0.001813, cobertura=100.0%, estable=5/30
2026-03-01 12:02:50.314 | DEBUG    | __main__:run:188 - Episodio 39100: max_change=0.007435, cobertura=100.0%, estable=0/30
2026-03-01 12:02:50.342 | DEBUG    | __main__:run:188 - Episodio 39200: max_change=0.001048, cobertura=100.0%, estable=1/30
2026-03-01 12:02:50.370 | DEBUG    | __main__:run:188 - Episodio 39300: max_change=0.001746, cobertura=100.0%, estable=2/30
2026-03-01 12:02:50.398 | DEBUG    | __main__:run:188 - Episodio 39400: max_change=0.002170, cobertura=100.0%, estable=3/30
2026-03-01 12:02:50.427 | DEBUG    | __main__:run:188 - Episodio 39500: max_change=0.000498, cobertura=100.0%, estable=4/30
2026-03-01 12:02:50.456 | DEBUG    | __main__:run:188 - Episodio 39600: max_change=0.001976, cobertura=100.0%, estable=5/30
2026-03-01 12:02:50.481 | DEBUG    | __main__:run:188 - Episodio 39700: max_change=0.009185, cobertura=100.0%, estable=0/30
2026-03-01 12:02:50.509 | DEBUG    | __main__:run:188 - Episodio 39800: max_change=0.001260, cobertura=100.0%, estable=1/30
2026-03-01 12:02:50.534 | DEBUG    | __main__:run:188 - Episodio 39900: max_change=0.000496, cobertura=100.0%, estable=2/30
2026-03-01 12:02:50.561 | DEBUG    | __main__:run:188 - Episodio 40000: max_change=0.001711, cobertura=100.0%, estable=3/30
2026-03-01 12:02:50.587 | DEBUG    | __main__:run:188 - Episodio 40100: max_change=0.001966, cobertura=100.0%, estable=4/30
2026-03-01 12:02:50.613 | DEBUG    | __main__:run:188 - Episodio 40200: max_change=0.000960, cobertura=100.0%, estable=5/30
2026-03-01 12:02:50.637 | DEBUG    | __main__:run:188 - Episodio 40300: max_change=0.002204, cobertura=100.0%, estable=6/30
2026-03-01 12:02:50.664 | DEBUG    | __main__:run:188 - Episodio 40400: max_change=0.000565, cobertura=100.0%, estable=7/30
2026-03-01 12:02:50.691 | DEBUG    | __main__:run:188 - Episodio 40500: max_change=0.001361, cobertura=100.0%, estable=8/30
2026-03-01 12:02:50.718 | DEBUG    | __main__:run:188 - Episodio 40600: max_change=0.005910, cobertura=100.0%, estable=0/30
2026-03-01 12:02:50.744 | DEBUG    | __main__:run:188 - Episodio 40700: max_change=0.004354, cobertura=100.0%, estable=1/30
2026-03-01 12:02:50.769 | DEBUG    | __main__:run:188 - Episodio 40800: max_change=0.002656, cobertura=100.0%, estable=2/30
2026-03-01 12:02:50.793 | DEBUG    | __main__:run:188 - Episodio 40900: max_change=0.001155, cobertura=100.0%, estable=3/30
2026-03-01 12:02:50.820 | DEBUG    | __main__:run:188 - Episodio 41000: max_change=0.003088, cobertura=100.0%, estable=4/30
2026-03-01 12:02:50.849 | DEBUG    | __main__:run:188 - Episodio 41100: max_change=0.000963, cobertura=100.0%, estable=5/30
2026-03-01 12:02:50.878 | DEBUG    | __main__:run:188 - Episodio 41200: max_change=0.005768, cobertura=100.0%, estable=0/30
2026-03-01 12:02:50.906 | DEBUG    | __main__:run:188 - Episodio 41300: max_change=0.002199, cobertura=100.0%, estable=1/30
2026-03-01 12:02:50.936 | DEBUG    | __main__:run:188 - Episodio 41400: max_change=0.009796, cobertura=100.0%, estable=0/30
2026-03-01 12:02:50.963 | DEBUG    | __main__:run:188 - Episodio 41500: max_change=0.000410, cobertura=100.0%, estable=1/30
2026-03-01 12:02:50.991 | DEBUG    | __main__:run:188 - Episodio 41600: max_change=0.005334, cobertura=100.0%, estable=0/30
2026-03-01 12:02:51.018 | DEBUG    | __main__:run:188 - Episodio 41700: max_change=0.001242, cobertura=100.0%, estable=1/30
2026-03-01 12:02:51.044 | DEBUG    | __main__:run:188 - Episodio 41800: max_change=0.008718, cobertura=100.0%, estable=0/30
2026-03-01 12:02:51.072 | DEBUG    | __main__:run:188 - Episodio 41900: max_change=0.002419, cobertura=100.0%, estable=1/30
2026-03-01 12:02:51.099 | DEBUG    | __main__:run:188 - Episodio 42000: max_change=0.004830, cobertura=100.0%, estable=2/30
2026-03-01 12:02:51.125 | DEBUG    | __main__:run:188 - Episodio 42100: max_change=0.002558, cobertura=100.0%, estable=3/30
2026-03-01 12:02:51.150 | DEBUG    | __main__:run:188 - Episodio 42200: max_change=0.000395, cobertura=100.0%, estable=4/30
2026-03-01 12:02:51.179 | DEBUG    | __main__:run:188 - Episodio 42300: max_change=0.005495, cobertura=100.0%, estable=0/30
2026-03-01 12:02:51.203 | DEBUG    | __main__:run:188 - Episodio 42400: max_change=0.000475, cobertura=100.0%, estable=1/30
2026-03-01 12:02:51.229 | DEBUG    | __main__:run:188 - Episodio 42500: max_change=0.000958, cobertura=100.0%, estable=2/30
2026-03-01 12:02:51.254 | DEBUG    | __main__:run:188 - Episodio 42600: max_change=0.000999, cobertura=100.0%, estable=3/30
2026-03-01 12:02:51.281 | DEBUG    | __main__:run:188 - Episodio 42700: max_change=0.001345, cobertura=100.0%, estable=4/30
2026-03-01 12:02:51.309 | DEBUG    | __main__:run:188 - Episodio 42800: max_change=0.000740, cobertura=100.0%, estable=5/30
2026-03-01 12:02:51.336 | DEBUG    | __main__:run:188 - Episodio 42900: max_change=0.002842, cobertura=100.0%, estable=6/30
2026-03-01 12:02:51.361 | DEBUG    | __main__:run:188 - Episodio 43000: max_change=0.000468, cobertura=100.0%, estable=7/30
2026-03-01 12:02:51.386 | DEBUG    | __main__:run:188 - Episodio 43100: max_change=0.008426, cobertura=100.0%, estable=0/30
2026-03-01 12:02:51.411 | DEBUG    | __main__:run:188 - Episodio 43200: max_change=0.000465, cobertura=100.0%, estable=1/30
2026-03-01 12:02:51.444 | DEBUG    | __main__:run:188 - Episodio 43300: max_change=0.007848, cobertura=100.0%, estable=0/30
2026-03-01 12:02:51.489 | DEBUG    | __main__:run:188 - Episodio 43400: max_change=0.001763, cobertura=100.0%, estable=1/30
2026-03-01 12:02:51.522 | DEBUG    | __main__:run:188 - Episodio 43500: max_change=0.003330, cobertura=100.0%, estable=2/30
2026-03-01 12:02:51.548 | DEBUG    | __main__:run:188 - Episodio 43600: max_change=0.000318, cobertura=100.0%, estable=3/30
2026-03-01 12:02:51.575 | DEBUG    | __main__:run:188 - Episodio 43700: max_change=0.002247, cobertura=100.0%, estable=4/30
2026-03-01 12:02:51.601 | DEBUG    | __main__:run:188 - Episodio 43800: max_change=0.008478, cobertura=100.0%, estable=0/30
2026-03-01 12:02:51.626 | DEBUG    | __main__:run:188 - Episodio 43900: max_change=0.001230, cobertura=100.0%, estable=1/30
2026-03-01 12:02:51.653 | DEBUG    | __main__:run:188 - Episodio 44000: max_change=0.006727, cobertura=100.0%, estable=0/30
2026-03-01 12:02:51.679 | DEBUG    | __main__:run:188 - Episodio 44100: max_change=0.003117, cobertura=100.0%, estable=1/30
2026-03-01 12:02:51.706 | DEBUG    | __main__:run:188 - Episodio 44200: max_change=0.004033, cobertura=100.0%, estable=2/30
2026-03-01 12:02:51.732 | DEBUG    | __main__:run:188 - Episodio 44300: max_change=0.002748, cobertura=100.0%, estable=3/30
2026-03-01 12:02:51.756 | DEBUG    | __main__:run:188 - Episodio 44400: max_change=0.001692, cobertura=100.0%, estable=4/30
2026-03-01 12:02:51.781 | DEBUG    | __main__:run:188 - Episodio 44500: max_change=0.000897, cobertura=100.0%, estable=5/30
2026-03-01 12:02:51.806 | DEBUG    | __main__:run:188 - Episodio 44600: max_change=0.002814, cobertura=100.0%, estable=6/30
2026-03-01 12:02:51.832 | DEBUG    | __main__:run:188 - Episodio 44700: max_change=0.002599, cobertura=100.0%, estable=7/30
2026-03-01 12:02:51.860 | DEBUG    | __main__:run:188 - Episodio 44800: max_change=0.001295, cobertura=100.0%, estable=8/30
2026-03-01 12:02:51.888 | DEBUG    | __main__:run:188 - Episodio 44900: max_change=0.002647, cobertura=100.0%, estable=9/30
2026-03-01 12:02:51.916 | DEBUG    | __main__:run:188 - Episodio 45000: max_change=0.004669, cobertura=100.0%, estable=10/30
2026-03-01 12:02:51.941 | DEBUG    | __main__:run:188 - Episodio 45100: max_change=0.000528, cobertura=100.0%, estable=11/30
2026-03-01 12:02:51.969 | DEBUG    | __main__:run:188 - Episodio 45200: max_change=0.001085, cobertura=100.0%, estable=12/30
2026-03-01 12:02:51.995 | DEBUG    | __main__:run:188 - Episodio 45300: max_change=0.003908, cobertura=100.0%, estable=13/30
2026-03-01 12:02:52.025 | DEBUG    | __main__:run:188 - Episodio 45400: max_change=0.001825, cobertura=100.0%, estable=14/30
2026-03-01 12:02:52.053 | DEBUG    | __main__:run:188 - Episodio 45500: max_change=0.001179, cobertura=100.0%, estable=15/30
2026-03-01 12:02:52.080 | DEBUG    | __main__:run:188 - Episodio 45600: max_change=0.001266, cobertura=100.0%, estable=16/30
2026-03-01 12:02:52.106 | DEBUG    | __main__:run:188 - Episodio 45700: max_change=0.001710, cobertura=100.0%, estable=17/30
2026-03-01 12:02:52.133 | DEBUG    | __main__:run:188 - Episodio 45800: max_change=0.009709, cobertura=100.0%, estable=0/30
2026-03-01 12:02:52.158 | DEBUG    | __main__:run:188 - Episodio 45900: max_change=0.004470, cobertura=100.0%, estable=1/30
2026-03-01 12:02:52.183 | DEBUG    | __main__:run:188 - Episodio 46000: max_change=0.012044, cobertura=100.0%, estable=0/30
2026-03-01 12:02:52.209 | DEBUG    | __main__:run:188 - Episodio 46100: max_change=0.000791, cobertura=100.0%, estable=1/30
2026-03-01 12:02:52.234 | DEBUG    | __main__:run:188 - Episodio 46200: max_change=0.001608, cobertura=100.0%, estable=2/30
2026-03-01 12:02:52.260 | DEBUG    | __main__:run:188 - Episodio 46300: max_change=0.000727, cobertura=100.0%, estable=3/30
2026-03-01 12:02:52.286 | DEBUG    | __main__:run:188 - Episodio 46400: max_change=0.009763, cobertura=100.0%, estable=0/30
2026-03-01 12:02:52.312 | DEBUG    | __main__:run:188 - Episodio 46500: max_change=0.000362, cobertura=100.0%, estable=1/30
2026-03-01 12:02:52.338 | DEBUG    | __main__:run:188 - Episodio 46600: max_change=0.026155, cobertura=100.0%, estable=0/30
2026-03-01 12:02:52.362 | DEBUG    | __main__:run:188 - Episodio 46700: max_change=0.001672, cobertura=100.0%, estable=1/30
2026-03-01 12:02:52.389 | DEBUG    | __main__:run:188 - Episodio 46800: max_change=0.006371, cobertura=100.0%, estable=0/30
2026-03-01 12:02:52.414 | DEBUG    | __main__:run:188 - Episodio 46900: max_change=0.000681, cobertura=100.0%, estable=1/30
2026-03-01 12:02:52.440 | DEBUG    | __main__:run:188 - Episodio 47000: max_change=0.001215, cobertura=100.0%, estable=2/30
2026-03-01 12:02:52.466 | DEBUG    | __main__:run:188 - Episodio 47100: max_change=0.000607, cobertura=100.0%, estable=3/30
2026-03-01 12:02:52.492 | DEBUG    | __main__:run:188 - Episodio 47200: max_change=0.001021, cobertura=100.0%, estable=4/30
2026-03-01 12:02:52.518 | DEBUG    | __main__:run:188 - Episodio 47300: max_change=0.001095, cobertura=100.0%, estable=5/30
2026-03-01 12:02:52.544 | DEBUG    | __main__:run:188 - Episodio 47400: max_change=0.000379, cobertura=100.0%, estable=6/30
2026-03-01 12:02:52.569 | DEBUG    | __main__:run:188 - Episodio 47500: max_change=0.001559, cobertura=100.0%, estable=7/30
2026-03-01 12:02:52.596 | DEBUG    | __main__:run:188 - Episodio 47600: max_change=0.001725, cobertura=100.0%, estable=8/30
2026-03-01 12:02:52.621 | DEBUG    | __main__:run:188 - Episodio 47700: max_change=0.002679, cobertura=100.0%, estable=9/30
2026-03-01 12:02:52.646 | DEBUG    | __main__:run:188 - Episodio 47800: max_change=0.000758, cobertura=100.0%, estable=10/30
2026-03-01 12:02:52.674 | DEBUG    | __main__:run:188 - Episodio 47900: max_change=0.000610, cobertura=100.0%, estable=11/30
2026-03-01 12:02:52.701 | DEBUG    | __main__:run:188 - Episodio 48000: max_change=0.000847, cobertura=100.0%, estable=12/30
2026-03-01 12:02:52.726 | DEBUG    | __main__:run:188 - Episodio 48100: max_change=0.000273, cobertura=100.0%, estable=13/30
2026-03-01 12:02:52.752 | DEBUG    | __main__:run:188 - Episodio 48200: max_change=0.000984, cobertura=100.0%, estable=14/30
2026-03-01 12:02:52.778 | DEBUG    | __main__:run:188 - Episodio 48300: max_change=0.000682, cobertura=100.0%, estable=15/30
2026-03-01 12:02:52.804 | DEBUG    | __main__:run:188 - Episodio 48400: max_change=0.002742, cobertura=100.0%, estable=16/30
2026-03-01 12:02:52.831 | DEBUG    | __main__:run:188 - Episodio 48500: max_change=0.001103, cobertura=100.0%, estable=17/30
2026-03-01 12:02:52.860 | DEBUG    | __main__:run:188 - Episodio 48600: max_change=0.003712, cobertura=100.0%, estable=18/30
2026-03-01 12:02:52.888 | DEBUG    | __main__:run:188 - Episodio 48700: max_change=0.000923, cobertura=100.0%, estable=19/30
2026-03-01 12:02:52.915 | DEBUG    | __main__:run:188 - Episodio 48800: max_change=0.001084, cobertura=100.0%, estable=20/30
2026-03-01 12:02:52.941 | DEBUG    | __main__:run:188 - Episodio 48900: max_change=0.001271, cobertura=100.0%, estable=21/30
2026-03-01 12:02:52.967 | DEBUG    | __main__:run:188 - Episodio 49000: max_change=0.002390, cobertura=100.0%, estable=22/30
2026-03-01 12:02:52.993 | DEBUG    | __main__:run:188 - Episodio 49100: max_change=0.000463, cobertura=100.0%, estable=23/30
2026-03-01 12:02:53.019 | DEBUG    | __main__:run:188 - Episodio 49200: max_change=0.001448, cobertura=100.0%, estable=24/30
2026-03-01 12:02:53.045 | DEBUG    | __main__:run:188 - Episodio 49300: max_change=0.001588, cobertura=100.0%, estable=25/30
2026-03-01 12:02:53.071 | DEBUG    | __main__:run:188 - Episodio 49400: max_change=0.001158, cobertura=100.0%, estable=26/30
2026-03-01 12:02:53.096 | DEBUG    | __main__:run:188 - Episodio 49500: max_change=0.000469, cobertura=100.0%, estable=27/30
2026-03-01 12:02:53.123 | DEBUG    | __main__:run:188 - Episodio 49600: max_change=0.002101, cobertura=100.0%, estable=28/30
2026-03-01 12:02:53.150 | DEBUG    | __main__:run:188 - Episodio 49700: max_change=0.001023, cobertura=100.0%, estable=29/30
2026-03-01 12:02:53.176 | DEBUG    | __main__:run:188 - Episodio 49800: max_change=0.002493, cobertura=100.0%, estable=30/30
2026-03-01 12:02:53.176 | INFO     | __main__:run:194 - Convergencia despues de 49800 episodios (cobertura: 100.0%)
2026-03-01 12:02:53.176 | SUCCESS  | __main__:<module>:253 - MCM finalizado en 49800 episodios
2026-03-01 12:02:53.176 | INFO     | __main__:print_values:216 - Valores:
2026-03-01 12:02:53.176 | INFO     | __main__:print_values:224 -  +0.036  +0.044  +0.053  +0.076  +0.090  +0.111  +0.130  +0.158  +0.190  +0.160 
2026-03-01 12:02:53.176 | INFO     | __main__:print_values:224 -  +0.040  +0.053  +0.065  +0.078  +0.095  +0.124  +0.153  +0.197  +0.245  +0.215 
2026-03-01 12:02:53.176 | INFO     | __main__:print_values:224 -  +0.032   ####    ####    ####    ####    ####    ####    ####   +0.307  +0.273 
2026-03-01 12:02:53.176 | INFO     | __main__:print_values:224 -  +0.016  +0.010  +0.001  +0.000   ####   +0.209  +0.373  +0.445  +0.394  +0.323 
2026-03-01 12:02:53.176 | INFO     | __main__:print_values:224 -  +0.003  +0.006  +0.002  +0.001   ####   +0.000  +0.566  +0.593  +0.476  +0.378 
2026-03-01 12:02:53.176 | INFO     | __main__:print_values:224 -  +0.004  +0.005  +0.004  +0.001   ####   +0.000  +0.956  +0.768  +0.563  +0.437 
2026-03-01 12:02:53.176 | INFO     | __main__:print_values:224 -  +0.003  +0.004  +0.002  +0.002   ####   +0.919  +0.746  +0.613  +0.497  +0.400 
2026-03-01 12:02:53.177 | INFO     | __main__:print_values:224 -  +0.001  +0.001  -0.001  -0.017  +0.000  +0.000  +0.444  +0.456  +0.399  +0.342 
2026-03-01 12:02:53.177 | INFO     | __main__:print_values:224 -  +0.000  -0.000  +0.000  -0.011   ####   +0.191  +0.283  +0.355  +0.304  +0.256 
2026-03-01 12:02:53.177 | INFO     | __main__:print_values:224 -  +0.000  +0.000  +0.001  +0.000  +0.002  +0.164  +0.186  +0.196  +0.177  +0.120 
2026-03-01 12:02:53.177 | INFO     | __main__:print_policy:232 - Politica:
2026-03-01 12:02:53.177 | INFO     | __main__:print_policy:241 - RIGHT  DOWN  DOWN RIGHT RIGHT RIGHT RIGHT RIGHT  DOWN RIGHT 
2026-03-01 12:02:53.177 | INFO     | __main__:print_policy:241 - RIGHT RIGHT RIGHT RIGHT RIGHT RIGHT RIGHT RIGHT  DOWN  DOWN 
2026-03-01 12:02:53.177 | INFO     | __main__:print_policy:241 -   UP   ####  ####  ####  ####  ####  ####  ####  DOWN  DOWN 
2026-03-01 12:02:53.177 | INFO     | __main__:print_policy:241 -   UP   LEFT  DOWN RIGHT  #### RIGHT RIGHT  DOWN  DOWN  LEFT 
2026-03-01 12:02:53.177 | INFO     | __main__:print_policy:241 -  DOWN   UP   DOWN  LEFT  ####  EXIT  DOWN  DOWN  LEFT  LEFT 
2026-03-01 12:02:53.177 | INFO     | __main__:print_policy:241 -  LEFT   UP   LEFT  LEFT  ####  EXIT  LEFT  LEFT  LEFT  LEFT 
2026-03-01 12:02:53.177 | INFO     | __main__:print_policy:241 - RIGHT   UP   LEFT  LEFT  ####   UP    UP    UP   LEFT  LEFT 
2026-03-01 12:02:53.177 | INFO     | __main__:print_policy:241 -   UP    UP   DOWN  LEFT  EXIT  EXIT   UP    UP    UP    UP  
2026-03-01 12:02:53.177 | INFO     | __main__:print_policy:241 -  LEFT  LEFT  LEFT  DOWN  #### RIGHT RIGHT   UP    UP    UP  
2026-03-01 12:02:53.177 | INFO     | __main__:print_policy:241 - RIGHT  DOWN  DOWN  LEFT  LEFT RIGHT RIGHT   UP   DOWN  DOWN 
